[12:49:43] [Datafixer Bootstrap/INFO]: 243 Datafixer optimizations took 199 milliseconds
[12:49:47] [main/WARN]: Invalid UUID: 'offline-uuid
[12:49:47] [Render thread/INFO]: [STDERR]: [LWJGL] [ThreadLocalUtil] Unsupported JNI version detected, this may result in a crash. Please inform LWJGL developers.
[12:49:47] [Render thread/INFO]: Environment: Environment[sessionHost=https://sessionserver.mojang.com, servicesHost=https://api.minecraftservices.com, name=PROD]
[12:49:47] [Render thread/INFO]: Setting user: OfflineUser
[12:49:47] [Render thread/INFO]: Backend library: LWJGL version 3.3.3+5
[12:49:48] [Render thread/INFO]: Reloading ResourceManager: vanilla
[12:49:48] [Worker-Main-14/INFO]: Found unifont_all_no_pua-16.0.01.hex, loading
[12:49:48] [Worker-Main-8/INFO]: Found unifont_jp_patch-16.0.01.hex, loading
[12:49:49] [Render thread/INFO]: OpenAL initialized on device OpenAL Soft on Casque pour téléphone (HyperX Virtual Surround Sound)
[12:49:49] [Render thread/INFO]: Sound engine started
[12:49:49] [Render thread/INFO]: Created: 1024x512x4 minecraft:textures/atlas/blocks.png-atlas
[12:49:49] [Render thread/INFO]: Created: 256x256x4 minecraft:textures/atlas/signs.png-atlas
[12:49:49] [Render thread/INFO]: Created: 512x512x4 minecraft:textures/atlas/shield_patterns.png-atlas
[12:49:49] [Render thread/INFO]: Created: 512x512x4 minecraft:textures/atlas/banner_patterns.png-atlas
[12:49:49] [Render thread/INFO]: Created: 2048x1024x4 minecraft:textures/atlas/armor_trims.png-atlas
[12:49:49] [Render thread/INFO]: Created: 128x64x4 minecraft:textures/atlas/decorated_pot.png-atlas
[12:49:49] [Render thread/INFO]: Created: 256x256x4 minecraft:textures/atlas/chest.png-atlas
[12:49:49] [Render thread/INFO]: Created: 512x256x4 minecraft:textures/atlas/shulker_boxes.png-atlas
[12:49:49] [Render thread/INFO]: Created: 512x256x4 minecraft:textures/atlas/beds.png-atlas
[12:49:49] [Render thread/INFO]: Created: 64x64x0 minecraft:textures/atlas/map_decorations.png-atlas
[12:49:50] [Render thread/INFO]: Created: 512x256x0 minecraft:textures/atlas/particles.png-atlas
[12:49:50] [Render thread/INFO]: Created: 512x256x0 minecraft:textures/atlas/paintings.png-atlas
[12:49:50] [Render thread/INFO]: Created: 256x128x0 minecraft:textures/atlas/mob_effects.png-atlas
[12:49:50] [Render thread/INFO]: Created: 1024x512x0 minecraft:textures/atlas/gui.png-atlas
[12:49:53] [Render thread/INFO]: Stopping!
